#
# There is insufficient memory for the Java Runtime Environment to continue.
# Native memory allocation (malloc) failed to allocate 298016 bytes for Chunk::new
# Possible reasons:
#   The system is out of physical RAM or swap space
#   In 32 bit mode, the process size limit was hit
# Possible solutions:
#   Reduce memory load on the system
#   Increase physical memory or swap space
#   Check if swap backing store is full
#   Use 64 bit Java on a 64 bit OS
#   Decrease Java heap size (-Xmx/-Xms)
#   Decrease number of Java threads
#   Decrease Java thread stack sizes (-Xss)
#   Set larger code cache with -XX:ReservedCodeCacheSize=
# This output file may be truncated or incomplete.
#
#  Out of Memory Error (allocation.cpp:390), pid=138868, tid=0x000000000001b194
#
# JRE version: Java(TM) SE Runtime Environment (8.0_131-b11) (build 1.8.0_131-b11)
# Java VM: Java HotSpot(TM) 64-Bit Server VM (25.131-b11 mixed mode windows-amd64 compressed oops)
# Failed to write core dump. Minidumps are not enabled by default on client versions of Windows
#

---------------  T H R E A D  ---------------

Current thread (0x000000001c536800):  JavaThread "C2 CompilerThread0" daemon [_thread_in_native, id=110996, stack(0x000000001de90000,0x000000001df90000)]

Stack: [0x000000001de90000,0x000000001df90000]
[error occurred during error reporting (printing stack bounds), id 0xc0000005]

Native frames: (J=compiled Java code, j=interpreted, Vv=VM code, C=native code)


Current CompileTask:
C2:   2571 1454       4       java.net.URLStreamHandler::parseURL (1193 bytes)


---------------  P R O C E S S  ---------------

Java Threads: ( => current thread )
  0x000000001e8e0000 JavaThread "background-preinit" [_thread_in_vm, id=138216, stack(0x000000001fe10000,0x000000001ff10000)]
  0x000000001ecc8000 JavaThread "restartedMain" [_thread_in_vm, id=111784, stack(0x000000001fd10000,0x000000001fe10000)]
  0x000000001ecca800 JavaThread "Thread-0" [_thread_blocked, id=138588, stack(0x000000001fc10000,0x000000001fd10000)]
  0x000000001d915800 JavaThread "Service Thread" daemon [_thread_blocked, id=112332, stack(0x000000001e190000,0x000000001e290000)]
  0x000000001d8f1000 JavaThread "C1 CompilerThread2" daemon [_thread_in_vm, id=135576, stack(0x000000001e090000,0x000000001e190000)]
  0x000000001d8e5800 JavaThread "C2 CompilerThread1" daemon [_thread_blocked, id=127384, stack(0x000000001df90000,0x000000001e090000)]
=>0x000000001c536800 JavaThread "C2 CompilerThread0" daemon [_thread_in_native, id=110996, stack(0x000000001de90000,0x000000001df90000)]
  0x000000001c535800 JavaThread "Attach Listener" daemon [_thread_blocked, id=138920, stack(0x000000001dd90000,0x000000001de90000)]
  0x000000001c4f1000 JavaThread "Signal Dispatcher" daemon [_thread_blocked, id=25496, stack(0x000000001dc90000,0x000000001dd90000)]
  0x000000001c4ca800 JavaThread "Finalizer" daemon [_thread_blocked, id=130104, stack(0x000000001d730000,0x000000001d830000)]
  0x0000000002ed2800 JavaThread "Reference Handler" daemon [_thread_blocked, id=109556, stack(0x000000001d630000,0x000000001d730000)]
  0x0000000002de4000 JavaThread "main" [_thread_blocked, id=138924, stack(0x00000000028f0000,0x00000000029f0000)]

Other Threads:
  0x000000001c4a8800 VMThread [stack: 0x000000001d530000,0x000000001d630000] [id=138580]
  0x000000001d94a800 WatcherThread [stack: 0x000000001e290000,0x000000001e390000] [id=138640]

VM state:not at safepoint (normal execution)

VM Mutex/Monitor currently owned by a thread:  ([mutex/lock_event])
[0x0000000002de3460] MemberNameTable_lock - owner thread: 0x000000001e8e0000

Heap:
 PSYoungGen      total 76288K, used 57577K [0x000000076b200000, 0x0000000770700000, 0x00000007c0000000)
  eden space 65536K, 73% used [0x000000076b200000,0x000000076e159178,0x000000076f200000)
  from space 10752K, 84% used [0x000000076f200000,0x000000076fae1468,0x000000076fc80000)
  to   space 10752K, 0% used [0x000000076fc80000,0x000000076fc80000,0x0000000770700000)
 ParOldGen       total 175104K, used 16K [0x00000006c1600000, 0x00000006cc100000, 0x000000076b200000)
  object space 175104K, 0% used [0x00000006c1600000,0x00000006c1604000,0x00000006cc100000)
 Metaspace       used 20441K, capacity 21036K, committed 21248K, reserved 1069056K
  class space    used 2651K, capacity 2807K, committed 2816K, reserved 1048576K

Card table byte_map: [0x00000000122a0000,0x0000000012aa0000] byte_map_base: 0x000000000ec95000

Marking Bits: (ParMarkBitMap*) 0x000000005521c720
 Begin Bits: [0x00000000133f0000, 0x0000000017398000)
 End Bits:   [0x0000000017398000, 0x000000001b340000)

Polling page: 0x0000000000df0000

CodeCache: size=245760Kb used=4941Kb max_used=4941Kb free=240818Kb
 bounds [0x0000000002ee0000, 0x00000000033c0000, 0x0000000011ee0000]
 total_blobs=1841 nmethods=1477 adapters=276
 compilation: enabled

Compilation events (10 events):
Event: 2.458 Thread 0x000000001d8f1000 nmethod 1466 0x000000000338ed90 code [0x000000000338ef00, 0x000000000338f1c8]
Event: 2.459 Thread 0x000000001d8f1000 1467       3       java.lang.reflect.Modifier::isAbstract (14 bytes)
Event: 2.459 Thread 0x000000001d8f1000 nmethod 1467 0x000000000338ea50 code [0x000000000338eba0, 0x000000000338ed30]
Event: 2.459 Thread 0x000000001d8f1000 1468       3       java.lang.reflect.Modifier::isFinal (13 bytes)
Event: 2.459 Thread 0x000000001d8f1000 nmethod 1468 0x0000000003394690 code [0x00000000033947e0, 0x0000000003394970]
Event: 2.459 Thread 0x000000001d8f1000 1469       3       java.lang.invoke.TypeConvertingMethodAdapter::cast (42 bytes)
Event: 2.460 Thread 0x000000001d8f1000 nmethod 1469 0x00000000033949d0 code [0x0000000003394b80, 0x0000000003395128]
Event: 2.460 Thread 0x000000001d8f1000 1470       3       java.lang.invoke.DirectMethodHandle::maybeCompile (18 bytes)
Event: 2.460 Thread 0x000000001d8f1000 nmethod 1470 0x0000000003395310 code [0x0000000003395480, 0x0000000003395718]
Event: 2.460 Thread 0x000000001d8f1000 1471       3       java.lang.invoke.DirectMethodHandle::<init> (132 bytes)

GC Heap History (2 events):
Event: 1.846 GC heap before
{Heap before GC invocations=1 (full 0):
 PSYoungGen      total 76288K, used 65536K [0x000000076b200000, 0x0000000770700000, 0x00000007c0000000)
  eden space 65536K, 100% used [0x000000076b200000,0x000000076f200000,0x000000076f200000)
  from space 10752K, 0% used [0x000000076fc80000,0x000000076fc80000,0x0000000770700000)
  to   space 10752K, 0% used [0x000000076f200000,0x000000076f200000,0x000000076fc80000)
 ParOldGen       total 175104K, used 0K [0x00000006c1600000, 0x00000006cc100000, 0x000000076b200000)
  object space 175104K, 0% used [0x00000006c1600000,0x00000006c1600000,0x00000006cc100000)
 Metaspace       used 13576K, capacity 14030K, committed 14208K, reserved 1060864K
  class space    used 1755K, capacity 1884K, committed 1920K, reserved 1048576K
Event: 1.902 GC heap after
Heap after GC invocations=1 (full 0):
 PSYoungGen      total 76288K, used 9093K [0x000000076b200000, 0x0000000770700000, 0x00000007c0000000)
  eden space 65536K, 0% used [0x000000076b200000,0x000000076b200000,0x000000076f200000)
  from space 10752K, 84% used [0x000000076f200000,0x000000076fae1468,0x000000076fc80000)
  to   space 10752K, 0% used [0x000000076fc80000,0x000000076fc80000,0x0000000770700000)
 ParOldGen       total 175104K, used 16K [0x00000006c1600000, 0x00000006cc100000, 0x000000076b200000)
  object space 175104K, 0% used [0x00000006c1600000,0x00000006c1604000,0x00000006cc100000)
 Metaspace       used 13576K, capacity 14030K, committed 14208K, reserved 1060864K
  class space    used 1755K, capacity 1884K, committed 1920K, reserved 1048576K
}

Deoptimization events (10 events):
Event: 1.341 Thread 0x000000001e8e0000 Uncommon trap: reason=range_check action=make_not_entrant pc=0x00000000031e99e8 method=sun.reflect.generics.parser.SignatureParser.current()C @ 34
Event: 1.426 Thread 0x000000001e8e0000 Uncommon trap: reason=unstable_if action=reinterpret pc=0x000000000317c8c4 method=java.util.HashMap.getNode(ILjava/lang/Object;)Ljava/util/HashMap$Node; @ 129
Event: 1.758 Thread 0x000000001ecc8000 Uncommon trap: reason=predicate action=maybe_recompile pc=0x00000000032c5f28 method=java.lang.String.regionMatches(ZILjava/lang/String;II)Z @ 63
Event: 1.930 Thread 0x000000001e8e0000 Uncommon trap: reason=class_check action=maybe_recompile pc=0x0000000003269ad4 method=java.util.HashMap.putVal(ILjava/lang/Object;Ljava/lang/Object;ZZ)Ljava/lang/Object; @ 203
Event: 1.933 Thread 0x000000001e8e0000 Uncommon trap: reason=class_check action=maybe_recompile pc=0x0000000003269ad4 method=java.util.HashMap.putVal(ILjava/lang/Object;Ljava/lang/Object;ZZ)Ljava/lang/Object; @ 203
Event: 1.934 Thread 0x000000001e8e0000 Uncommon trap: reason=class_check action=maybe_recompile pc=0x0000000003269ad4 method=java.util.HashMap.putVal(ILjava/lang/Object;Ljava/lang/Object;ZZ)Ljava/lang/Object; @ 203
Event: 1.977 Thread 0x000000001ecc8000 Uncommon trap: reason=unstable_if action=reinterpret pc=0x00000000032db05c method=java.net.URL.<init>(Ljava/net/URL;Ljava/lang/String;Ljava/net/URLStreamHandler;)V @ 347
Event: 2.185 Thread 0x000000001ecc8000 Uncommon trap: reason=class_check action=maybe_recompile pc=0x0000000003269ad4 method=java.util.HashMap.putVal(ILjava/lang/Object;Ljava/lang/Object;ZZ)Ljava/lang/Object; @ 203
Event: 2.185 Thread 0x000000001ecc8000 Uncommon trap: reason=class_check action=maybe_recompile pc=0x000000000326bf64 method=java.util.HashMap.putVal(ILjava/lang/Object;Ljava/lang/Object;ZZ)Ljava/lang/Object; @ 203
Event: 2.459 Thread 0x000000001ecc8000 Uncommon trap: reason=unstable_if action=reinterpret pc=0x00000000032a25c0 method=java.io.WinNTFileSystem.normalize(Ljava/lang/String;)Ljava/lang/String; @ 128

Internal exceptions (10 events):
Event: 2.359 Thread 0x000000001ecc8000 Exception <a 'java/lang/ClassNotFoundException': java/lang/ObjectCustomizer> (0x000000076da53818) thrown at [C:\re\workspace\8-2-build-windows-amd64-cygwin\jdk8u131\8869\hotspot\src\share\vm\classfile\systemDictionary.cpp, line 210]
Event: 2.361 Thread 0x000000001ecc8000 Exception <a 'java/lang/ClassNotFoundException': org/springframework/context/annotation/ConfigurationClassPostProcessorCustomizer> (0x000000076da6da68) thrown at [C:\re\workspace\8-2-build-windows-amd64-cygwin\jdk8u131\8869\hotspot\src\share\vm\classfile\
Event: 2.368 Thread 0x000000001ecc8000 Exception <a 'java/lang/ClassNotFoundException': org/springframework/beans/factory/support/BeanDefinitionRegistryPostProcessorCustomizer> (0x000000076dba47d8) thrown at [C:\re\workspace\8-2-build-windows-amd64-cygwin\jdk8u131\8869\hotspot\src\share\vm\cla
Event: 2.369 Thread 0x000000001ecc8000 Exception <a 'java/lang/ClassNotFoundException': org/springframework/core/PriorityOrderedCustomizer> (0x000000076dbb4d80) thrown at [C:\re\workspace\8-2-build-windows-amd64-cygwin\jdk8u131\8869\hotspot\src\share\vm\classfile\systemDictionary.cpp, line 210
Event: 2.369 Thread 0x000000001ecc8000 Exception <a 'java/lang/ClassNotFoundException': org/springframework/context/ResourceLoaderAwareCustomizer> (0x000000076dbc5918) thrown at [C:\re\workspace\8-2-build-windows-amd64-cygwin\jdk8u131\8869\hotspot\src\share\vm\classfile\systemDictionary.cpp, l
Event: 2.369 Thread 0x000000001ecc8000 Exception <a 'java/lang/ClassNotFoundException': org/springframework/beans/factory/BeanClassLoaderAwareCustomizer> (0x000000076dbd8c90) thrown at [C:\re\workspace\8-2-build-windows-amd64-cygwin\jdk8u131\8869\hotspot\src\share\vm\classfile\systemDictionary
Event: 2.370 Thread 0x000000001ecc8000 Exception <a 'java/lang/ClassNotFoundException': org/springframework/context/EnvironmentAwareCustomizer> (0x000000076dbea228) thrown at [C:\re\workspace\8-2-build-windows-amd64-cygwin\jdk8u131\8869\hotspot\src\share\vm\classfile\systemDictionary.cpp, line
Event: 2.374 Thread 0x000000001ecc8000 Exception <a 'java/lang/NoClassDefFoundError': org/reactivestreams/Publisher> (0x000000076dc4d7c0) thrown at [C:\re\workspace\8-2-build-windows-amd64-cygwin\jdk8u131\8869\hotspot\src\share\vm\classfile\systemDictionary.cpp, line 199]
Event: 2.377 Thread 0x000000001ecc8000 Exception <a 'java/lang/NoClassDefFoundError': rx/Observable> (0x000000076dc5a180) thrown at [C:\re\workspace\8-2-build-windows-amd64-cygwin\jdk8u131\8869\hotspot\src\share\vm\classfile\systemDictionary.cpp, line 199]
Event: 2.377 Thread 0x000000001ecc8000 Exception <a 'java/lang/NoClassDefFoundError': org/reactivestreams/Publisher> (0x000000076dc688c8) thrown at [C:\re\workspace\8-2-build-windows-amd64-cygwin\jdk8u131\8869\hotspot\src\share\vm\classfile\systemDictionary.cpp, line 199]

Events (10 events):
Event: 2.459 loading class com/fasterxml/jackson/datatype/jsr310/deser/InstantDeserializer$FromIntegerArguments done
Event: 2.459 loading class org/springframework/web/context/support/ServletContextResource done
Event: 2.459 loading class com/fasterxml/jackson/datatype/jsr310/deser/InstantDeserializer$FromIntegerArguments
Event: 2.459 loading class com/fasterxml/jackson/datatype/jsr310/deser/InstantDeserializer$FromIntegerArguments done
Event: 2.460 loading class com/fasterxml/jackson/datatype/jsr310/deser/InstantDeserializer$FromDecimalArguments
Event: 2.460 loading class com/fasterxml/jackson/datatype/jsr310/deser/InstantDeserializer$FromDecimalArguments done
Event: 2.460 loading class com/fasterxml/jackson/datatype/jsr310/deser/InstantDeserializer$FromDecimalArguments
Event: 2.460 loading class com/fasterxml/jackson/datatype/jsr310/deser/InstantDeserializer$FromDecimalArguments done
Event: 2.460 loading class java/util/ComparableTimSort
Event: 2.460 loading class java/util/ComparableTimSort done


Dynamic libraries:
0x00007ff704810000 - 0x00007ff704847000 	C:\Program Files\Java\jdk1.8.0_131\bin\javaw.exe
0x00007ffca7ea0000 - 0x00007ffca8090000 	C:\WINDOWS\SYSTEM32\ntdll.dll
0x00007ffca7120000 - 0x00007ffca71d2000 	C:\WINDOWS\System32\KERNEL32.DLL
0x00007ffca57e0000 - 0x00007ffca5a83000 	C:\WINDOWS\System32\KERNELBASE.dll
0x00007ffca7500000 - 0x00007ffca75a3000 	C:\WINDOWS\System32\ADVAPI32.dll
0x00007ffca6fa0000 - 0x00007ffca703e000 	C:\WINDOWS\System32\msvcrt.dll
0x00007ffca7660000 - 0x00007ffca76f7000 	C:\WINDOWS\System32\sechost.dll
0x00007ffca7b10000 - 0x00007ffca7c30000 	C:\WINDOWS\System32\RPCRT4.dll
0x00007ffca7360000 - 0x00007ffca74f4000 	C:\WINDOWS\System32\USER32.dll
0x00007ffca5b90000 - 0x00007ffca5bb1000 	C:\WINDOWS\System32\win32u.dll
0x00007ffca5f60000 - 0x00007ffca5f86000 	C:\WINDOWS\System32\GDI32.dll
0x00007ffca5db0000 - 0x00007ffca5f44000 	C:\WINDOWS\System32\gdi32full.dll
0x00007ffca5bc0000 - 0x00007ffca5c5e000 	C:\WINDOWS\System32\msvcp_win.dll
0x00007ffca5a90000 - 0x00007ffca5b8a000 	C:\WINDOWS\System32\ucrtbase.dll
0x00007ffc9dcd0000 - 0x00007ffc9df55000 	C:\WINDOWS\WinSxS\amd64_microsoft.windows.common-controls_6595b64144ccf1df_6.0.18362.476_none_e6c4b11b130f2595\COMCTL32.dll
0x00007ffca7700000 - 0x00007ffca7a36000 	C:\WINDOWS\System32\combase.dll
0x00007ffca5c60000 - 0x00007ffca5ce0000 	C:\WINDOWS\System32\bcryptPrimitives.dll
0x00007ffca71e0000 - 0x00007ffca720e000 	C:\WINDOWS\System32\IMM32.DLL
0x00000000552a0000 - 0x0000000055372000 	C:\Program Files\Java\jdk1.8.0_131\jre\bin\msvcr100.dll
0x0000000054a00000 - 0x000000005529c000 	C:\Program Files\Java\jdk1.8.0_131\jre\bin\server\jvm.dll
0x00007ffca7040000 - 0x00007ffca7048000 	C:\WINDOWS\System32\PSAPI.DLL
0x00007ffc92000000 - 0x00007ffc92009000 	C:\WINDOWS\SYSTEM32\WSOCK32.dll
0x00007ffca70b0000 - 0x00007ffca711f000 	C:\WINDOWS\System32\WS2_32.dll
0x00007ffca2e30000 - 0x00007ffca2e54000 	C:\WINDOWS\SYSTEM32\WINMM.dll
0x00007ffca04b0000 - 0x00007ffca04ba000 	C:\WINDOWS\SYSTEM32\VERSION.dll
0x00007ffca2e00000 - 0x00007ffca2e2d000 	C:\WINDOWS\SYSTEM32\WINMMBASE.dll
0x00007ffca5d60000 - 0x00007ffca5daa000 	C:\WINDOWS\System32\cfgmgr32.dll
0x00000000549f0000 - 0x00000000549ff000 	C:\Program Files\Java\jdk1.8.0_131\jre\bin\verify.dll
0x00000000549c0000 - 0x00000000549e9000 	C:\Program Files\Java\jdk1.8.0_131\jre\bin\java.dll
0x00000000549a0000 - 0x00000000549b6000 	C:\Program Files\Java\jdk1.8.0_131\jre\bin\zip.dll
0x00007ffca6750000 - 0x00007ffca6e35000 	C:\WINDOWS\System32\SHELL32.dll
0x00007ffca75b0000 - 0x00007ffca7659000 	C:\WINDOWS\System32\shcore.dll
0x00007ffca4e30000 - 0x00007ffca55ae000 	C:\WINDOWS\System32\windows.storage.dll
0x00007ffca4e10000 - 0x00007ffca4e2f000 	C:\WINDOWS\System32\profapi.dll
0x00007ffca4da0000 - 0x00007ffca4dea000 	C:\WINDOWS\System32\powrprof.dll
0x00007ffca4d70000 - 0x00007ffca4d80000 	C:\WINDOWS\System32\UMPDC.dll
0x00007ffca7210000 - 0x00007ffca7262000 	C:\WINDOWS\System32\shlwapi.dll
0x00007ffca4d80000 - 0x00007ffca4d91000 	C:\WINDOWS\System32\kernel.appcore.dll
0x00007ffca5ce0000 - 0x00007ffca5cf7000 	C:\WINDOWS\System32\cryptsp.dll
0x0000000054990000 - 0x000000005499d000 	C:\Program Files\Java\jdk1.8.0_131\jre\bin\management.dll
0x0000000054970000 - 0x000000005498a000 	C:\Program Files\Java\jdk1.8.0_131\jre\bin\net.dll
0x00007ffca4580000 - 0x00007ffca45e7000 	C:\WINDOWS\system32\mswsock.dll
0x00007ffc8aad0000 - 0x00007ffc8aae6000 	C:\WINDOWS\system32\napinsp.dll
0x00007ffc8aab0000 - 0x00007ffc8aaca000 	C:\WINDOWS\system32\pnrpnsp.dll
0x00007ffca42d0000 - 0x00007ffca439a000 	C:\WINDOWS\SYSTEM32\DNSAPI.dll
0x00007ffca5f50000 - 0x00007ffca5f58000 	C:\WINDOWS\System32\NSI.dll
0x00007ffca4290000 - 0x00007ffca42ca000 	C:\WINDOWS\SYSTEM32\IPHLPAPI.DLL
0x00007ffc8aaa0000 - 0x00007ffc8aaae000 	C:\WINDOWS\System32\winrnr.dll
0x00007ffca1610000 - 0x00007ffca162c000 	C:\WINDOWS\system32\NLAapi.dll
0x00007ffc8aa80000 - 0x00007ffc8aa95000 	C:\WINDOWS\system32\wshbth.dll
0x00007ffc9e6c0000 - 0x00007ffc9e6ca000 	C:\Windows\System32\rasadhlp.dll
0x00007ffca0240000 - 0x00007ffca02b7000 	C:\WINDOWS\System32\fwpuclnt.dll
0x00007ffca55b0000 - 0x00007ffca55d6000 	C:\WINDOWS\System32\bcrypt.dll
0x0000000054950000 - 0x0000000054961000 	C:\Program Files\Java\jdk1.8.0_131\jre\bin\nio.dll

VM Arguments:
jvm_args: -Dfile.encoding=UTF-8 
java_command: com.xiangyang.nacosservera.Application
java_class_path (initial): F:\xiangyang workspace\com.xiangyang.nacos-server-a\target\classes;E:\Program Files\mvnRepository\org\springframework\boot\spring-boot-starter-web\2.0.1.RELEASE\spring-boot-starter-web-2.0.1.RELEASE.jar;E:\Program Files\mvnRepository\org\springframework\boot\spring-boot-starter\2.0.1.RELEASE\spring-boot-starter-2.0.1.RELEASE.jar;E:\Program Files\mvnRepository\org\springframework\boot\spring-boot-starter-logging\2.0.1.RELEASE\spring-boot-starter-logging-2.0.1.RELEASE.jar;E:\Program Files\mvnRepository\org\apache\logging\log4j\log4j-to-slf4j\2.10.0\log4j-to-slf4j-2.10.0.jar;E:\Program Files\mvnRepository\org\apache\logging\log4j\log4j-api\2.10.0\log4j-api-2.10.0.jar;E:\Program Files\mvnRepository\org\slf4j\jul-to-slf4j\1.7.25\jul-to-slf4j-1.7.25.jar;E:\Program Files\mvnRepository\javax\annotation\javax.annotation-api\1.3.2\javax.annotation-api-1.3.2.jar;E:\Program Files\mvnRepository\org\yaml\snakeyaml\1.19\snakeyaml-1.19.jar;E:\Program Files\mvnRepository\org\springframework\boot\spring-boot-starter-json\2.0.1.RELEASE\spring-boot-starter-json-2.0.1.RELEASE.jar;E:\Program Files\mvnRepository\com\fasterxml\jackson\datatype\jackson-datatype-jdk8\2.9.5\jackson-datatype-jdk8-2.9.5.jar;E:\Program Files\mvnRepository\com\fasterxml\jackson\datatype\jackson-datatype-jsr310\2.9.5\jackson-datatype-jsr310-2.9.5.jar;E:\Program Files\mvnRepository\com\fasterxml\jackson\module\jackson-module-parameter-names\2.9.5\jackson-module-parameter-names-2.9.5.jar;E:\Program Files\mvnRepository\org\springframework\boot\spring-boot-starter-tomcat\2.0.1.RELEASE\spring-boot-starter-tomcat-2.0.1.RELEASE.jar;E:\Program Files\mvnRepository\org\apache\tomcat\embed\tomcat-embed-core\8.5.29\tomcat-embed-core-8.5.29.jar;E:\Program Files\mvnRepository\org\apache\tomcat\embed\tomcat-embed-el\8.5.29\tomcat-embed-el-8.5.29.jar;E:\Program Files\mvnRepository\org\apache\tomcat\embed\tomcat-embed-websocket\8.5.29\tomcat-embed-websocket-8.5.29.jar;E:\Program Files\mvnRepository\org
Launcher Type: SUN_STANDARD

Environment Variables:
JAVA_HOME=C:\Program Files\Java\jdk1.8.0_131
CLASSPATH=E:\Program Files\apache-tomcat-9.0.10\lib
PATH=C:/Program Files/Java/jre1.8.0_201/bin/server;C:/Program Files/Java/jre1.8.0_201/bin;C:/Program Files/Java/jre1.8.0_201/lib/amd64;C:\ProgramData\Oracle\Java\javapath;C:\Program Files (x86)\Common Files\Oracle\Java\javapath;C:\Program Files (x86)\Intel\iCLS Client\;"C:\Program Files\Java\jdk1.8.0_131\bin;C:\Program Files\Java\jdk1.8.0_131\jre\bin;C:\Program Files\Intel\iCLS Client\";C:\Windows\system32;C:\Windows;C:\Windows\System32\Wbem;C:\Windows\System32\WindowsPowerShell\v1.0\;C:\Program Files (x86)\Intel\Intel(R) Management Engine Components\DAL;C:\Program Files\Intel\Intel(R) Management Engine Components\DAL;C:\Program Files (x86)\Intel\Intel(R) Management Engine Components\IPT;C:\Program Files\Intel\Intel(R) Management Engine Components\IPT;C:\Program Files (x86)\NVIDIA Corporation\PhysX\Common;E:\软件工具\svn\bin;%JA;A_HOME%\bin;E:\软件工具\jmeter\apache-jmeter-3.2\bin;C:\WINDOWS\system32;C:\WINDOWS;C:\WINDOWS\System32\Wbem;C:\WINDOWS\System32\WindowsPowerShell\v1.0\;C:\WINDOWS\System32\OpenSSH\;E:\Program Files\apache-maven-3.5.4\bin\;E:\Program Files\apache-tomcat-9.0.10\bin\;E:\Program Files\Git\cmd;E:\Program Files\gradle-4.9\bin;E:\mysql\mysql-8.0.12-winx64\bin;E:\Program Files (x86)\erl10.0.1\bin;E:\rabbitMq\rabbitmq_server-3.7.7\sbin;C:\Program Files\Java\jdk1.8.0_131\bin;C:\Program Files (x86)\Pandoc\;C:\Users\15138\AppData\Local\Microsoft\WindowsApps;C:\Users\15138\AppData\Local\Programs\Fiddler;C:\Users\15138\AppData\Local\BypassRuntm;%USERPROFILE%\AppData\Local\Microsoft\WindowsApps;;C:\Users\15138\Desktop;
USERNAME=15138
OS=Windows_NT
PROCESSOR_IDENTIFIER=Intel64 Family 6 Model 94 Stepping 3, GenuineIntel



---------------  S Y S T E M  ---------------

OS: Windows 10.0 , 64 bit Build 18362 (10.0.18362.329)

CPU:total 4 (initial active 4) (4 cores per cpu, 1 threads per core) family 6 model 94 stepping 3, cmov, cx8, fxsr, mmx, sse, sse2, sse3, ssse3, sse4.1, sse4.2, popcnt, avx, avx2, aes, clmul, erms, 3dnowpref, lzcnt, tsc, tscinvbit, bmi1, bmi2, adx

Memory: 4k page, physical 16683152k(4258852k free), swap 45395212k(6704k free)

vm_info: Java HotSpot(TM) 64-Bit Server VM (25.131-b11) for windows-amd64 JRE (1.8.0_131-b11), built on Mar 15 2017 01:23:53 by "java_re" with MS VC++ 10.0 (VS2010)

time: Fri Nov 22 18:23:11 2019
elapsed time: 2 seconds (0d 0h 0m 2s)

